This is pdfTeX, Version 3.141592653-2.6-1.40.26 (MiKTeX 24.4) (preloaded format=pdflatex 2025.1.18)  18 MAR 2025 21:58
entering extended mode
 restricted \write18 enabled.
 file:line:error style messages enabled.
 %&-line parsing enabled.
**c:/Users/emicr/Documents/CODIGOS_FUENTES/7BM2-TSAB/Practica01-TSAB/Reporte01/reporte.tex
(c:/Users/emicr/Documents/CODIGOS_FUENTES/7BM2-TSAB/Practica01-TSAB/Reporte01/reporte.tex
LaTeX2e <2024-11-01> patch level 1
L3 programming layer <2024-12-25>
(C:\Users\emicr\AppData\Local\Programs\MiKTeX\tex/latex/base\report.cls
Document Class: report 2024/06/29 v1.4n Standard LaTeX document class
(C:\Users\emicr\AppData\Local\Programs\MiKTeX\tex/latex/base\size10.clo
File: size10.clo 2024/06/29 v1.4n Standard LaTeX file (size option)
)
\c@part=\count196
\c@chapter=\count197
\c@section=\count198
\c@subsection=\count199
\c@subsubsection=\count266
\c@paragraph=\count267
\c@subparagraph=\count268
\c@figure=\count269
\c@table=\count270
\abovecaptionskip=\skip49
\belowcaptionskip=\skip50
\bibindent=\dimen141
) (C:\Users\emicr\AppData\Local\Programs\MiKTeX\tex/latex/base\inputenc.sty
Package: inputenc 2024/02/08 v1.3d Input encoding file
\inpenc@prehook=\toks17
\inpenc@posthook=\toks18
) (C:\Users\emicr\AppData\Local\Programs\MiKTeX\tex/generic/babel\babel.sty
Package: babel 2025/01/01 v25.1 The multilingual framework for pdfLaTeX, LuaLaTeX and XeLaTeX
\babel@savecnt=\count271
\U@D=\dimen142
\l@unhyphenated=\language79
 (C:\Users\emicr\AppData\Local\Programs\MiKTeX\tex/generic/babel\txtbabel.def)
\bbl@readstream=\read2
\bbl@dirlevel=\count272

*************************************
* Local config file bblopts.cfg used
*
(C:\Users\emicr\AppData\Local\Programs\MiKTeX\tex/latex/arabi\bblopts.cfg
File: bblopts.cfg 2005/09/08 v0.1 add Arabic and Farsi to "declared" options of babel
) (C:\Users\emicr\AppData\Local\Programs\MiKTeX\tex/latex/babel-spanish\spanish.ldf
Language: spanish.ldf 2021/05/27 v5.0q Spanish support from the babel system
\es@quottoks=\toks19
\es@quotdepth=\count273
Package babel Info: Making " an active character on input line 570.
Package babel Info: Making . an active character on input line 675.
Package babel Info: Making < an active character on input line 722.
Package babel Info: Making > an active character on input line 722.
)) (C:\Users\emicr\AppData\Local\Programs\MiKTeX\tex/generic/babel/locale/es\babel-spanish.tex
Package babel Info: Importing font and identification data for spanish
(babel)             from babel-es.ini. Reported on input line 11.
) (C:\Users\emicr\AppData\Local\Programs\MiKTeX\tex/latex/geometry\geometry.sty
Package: geometry 2020/01/02 v5.9 Page Geometry
 (C:\Users\emicr\AppData\Local\Programs\MiKTeX\tex/latex/graphics\keyval.sty
Package: keyval 2022/05/29 v1.15 key=value parser (DPC)
\KV@toks@=\toks20
) (C:\Users\emicr\AppData\Local\Programs\MiKTeX\tex/generic/iftex\ifvtex.sty
Package: ifvtex 2019/10/25 v1.7 ifvtex legacy package. Use iftex instead.
 (C:\Users\emicr\AppData\Local\Programs\MiKTeX\tex/generic/iftex\iftex.sty
Package: iftex 2024/12/12 v1.0g TeX engine tests
))
\Gm@cnth=\count274
\Gm@cntv=\count275
\c@Gm@tempcnt=\count276
\Gm@bindingoffset=\dimen143
\Gm@wd@mp=\dimen144
\Gm@odd@mp=\dimen145
\Gm@even@mp=\dimen146
\Gm@layoutwidth=\dimen147
\Gm@layoutheight=\dimen148
\Gm@layouthoffset=\dimen149
\Gm@layoutvoffset=\dimen150
\Gm@dimlist=\toks21
 (C:\Users\emicr\AppData\Local\Programs\MiKTeX\tex/latex/geometry\geometry.cfg)) (C:\Users\emicr\AppData\Local\Programs\MiKTeX\tex/latex/graphics\graphicx.sty
Package: graphicx 2021/09/16 v1.2d Enhanced LaTeX Graphics (DPC,SPQR)
 (C:\Users\emicr\AppData\Local\Programs\MiKTeX\tex/latex/graphics\graphics.sty
Package: graphics 2024/08/06 v1.4g Standard LaTeX Graphics (DPC,SPQR)
 (C:\Users\emicr\AppData\Local\Programs\MiKTeX\tex/latex/graphics\trig.sty
Package: trig 2023/12/02 v1.11 sin cos tan (DPC)
) (C:\Users\emicr\AppData\Local\Programs\MiKTeX\tex/latex/graphics-cfg\graphics.cfg
File: graphics.cfg 2016/06/04 v1.11 sample graphics configuration
)
Package graphics Info: Driver file: pdftex.def on input line 106.
 (C:\Users\emicr\AppData\Local\Programs\MiKTeX\tex/latex/graphics-def\pdftex.def
File: pdftex.def 2024/04/13 v1.2c Graphics/color driver for pdftex
))
\Gin@req@height=\dimen151
\Gin@req@width=\dimen152
) (C:\Users\emicr\AppData\Local\Programs\MiKTeX\tex/latex/titlesec\titlesec.sty
Package: titlesec 2025/01/04 v2.17 Sectioning titles
\ttl@box=\box52
\beforetitleunit=\skip51
\aftertitleunit=\skip52
\ttl@plus=\dimen153
\ttl@minus=\dimen154
\ttl@toksa=\toks22
\titlewidth=\dimen155
\titlewidthlast=\dimen156
\titlewidthfirst=\dimen157
) (C:\Users\emicr\AppData\Local\Programs\MiKTeX\tex/latex/lipsum\lipsum.sty (C:\Users\emicr\AppData\Local\Programs\MiKTeX\tex/latex/l3packages/l3keys2e\l3keys2e.sty (C:\Users\emicr\AppData\Local\Programs\MiKTeX\tex/latex/l3kernel\expl3.sty
Package: expl3 2024-12-25 L3 programming layer (loader) 
 (C:\Users\emicr\AppData\Local\Programs\MiKTeX\tex/latex/l3backend\l3backend-pdftex.def
File: l3backend-pdftex.def 2024-05-08 L3 backend support: PDF output (pdfTeX)
\l__color_backend_stack_int=\count277
\l__pdf_internal_box=\box53
))
Package: l3keys2e 2024-08-16 LaTeX2e option processing using LaTeX3 keys
)
Package: lipsum 2021-09-20 v2.7 150 paragraphs of Lorem Ipsum dummy text
\g__lipsum_par_int=\count278
\l__lipsum_a_int=\count279
\l__lipsum_b_int=\count280
 (C:\Users\emicr\AppData\Local\Programs\MiKTeX\tex/latex/lipsum\lipsum.ltd.tex)) (C:\Users\emicr\AppData\Local\Programs\MiKTeX\tex/latex/xcolor\xcolor.sty
Package: xcolor 2024/09/29 v3.02 LaTeX color extensions (UK)
 (C:\Users\emicr\AppData\Local\Programs\MiKTeX\tex/latex/graphics-cfg\color.cfg
File: color.cfg 2016/01/02 v1.6 sample color configuration
)
Package xcolor Info: Driver file: pdftex.def on input line 274.
 (C:\Users\emicr\AppData\Local\Programs\MiKTeX\tex/latex/graphics\mathcolor.ltx)
Package xcolor Info: Model `cmy' substituted by `cmy0' on input line 1349.
Package xcolor Info: Model `hsb' substituted by `rgb' on input line 1353.
Package xcolor Info: Model `RGB' extended on input line 1365.
Package xcolor Info: Model `HTML' substituted by `rgb' on input line 1367.
Package xcolor Info: Model `Hsb' substituted by `hsb' on input line 1368.
Package xcolor Info: Model `tHsb' substituted by `hsb' on input line 1369.
Package xcolor Info: Model `HSB' substituted by `hsb' on input line 1370.
Package xcolor Info: Model `Gray' substituted by `gray' on input line 1371.
Package xcolor Info: Model `wave' substituted by `hsb' on input line 1372.
) (C:\Users\emicr\AppData\Local\Programs\MiKTeX\tex/latex/graphics\dvipsnam.def
File: dvipsnam.def 2016/06/17 v3.0m Driver-dependent file (DPC,SPQR)
) (C:\Users\emicr\AppData\Local\Programs\MiKTeX\tex/latex/mathtools\mathtools.sty
Package: mathtools 2024/10/04 v1.31 mathematical typesetting tools
 (C:\Users\emicr\AppData\Local\Programs\MiKTeX\tex/latex/tools\calc.sty
Package: calc 2023/07/08 v4.3 Infix arithmetic (KKT,FJ)
\calc@Acount=\count281
\calc@Bcount=\count282
\calc@Adimen=\dimen158
\calc@Bdimen=\dimen159
\calc@Askip=\skip53
\calc@Bskip=\skip54
LaTeX Info: Redefining \setlength on input line 80.
LaTeX Info: Redefining \addtolength on input line 81.
\calc@Ccount=\count283
\calc@Cskip=\skip55
) (C:\Users\emicr\AppData\Local\Programs\MiKTeX\tex/latex/mathtools\mhsetup.sty
Package: mhsetup 2021/03/18 v1.4 programming setup (MH)
) (C:\Users\emicr\AppData\Local\Programs\MiKTeX\tex/latex/amsmath\amsmath.sty
Package: amsmath 2024/11/05 v2.17t AMS math features
\@mathmargin=\skip56

For additional information on amsmath, use the `?' option.
(C:\Users\emicr\AppData\Local\Programs\MiKTeX\tex/latex/amsmath\amstext.sty
Package: amstext 2021/08/26 v2.01 AMS text
 (C:\Users\emicr\AppData\Local\Programs\MiKTeX\tex/latex/amsmath\amsgen.sty
File: amsgen.sty 1999/11/30 v2.0 generic functions
\@emptytoks=\toks23
\ex@=\dimen160
)) (C:\Users\emicr\AppData\Local\Programs\MiKTeX\tex/latex/amsmath\amsbsy.sty
Package: amsbsy 1999/11/29 v1.2d Bold Symbols
\pmbraise@=\dimen161
) (C:\Users\emicr\AppData\Local\Programs\MiKTeX\tex/latex/amsmath\amsopn.sty
Package: amsopn 2022/04/08 v2.04 operator names
)
\inf@bad=\count284
LaTeX Info: Redefining \frac on input line 233.
\uproot@=\count285
\leftroot@=\count286
LaTeX Info: Redefining \overline on input line 398.
LaTeX Info: Redefining \colon on input line 409.
\classnum@=\count287
\DOTSCASE@=\count288
LaTeX Info: Redefining \ldots on input line 495.
LaTeX Info: Redefining \dots on input line 498.
LaTeX Info: Redefining \cdots on input line 619.
\Mathstrutbox@=\box54
\strutbox@=\box55
LaTeX Info: Redefining \big on input line 721.
LaTeX Info: Redefining \Big on input line 722.
LaTeX Info: Redefining \bigg on input line 723.
LaTeX Info: Redefining \Bigg on input line 724.
\big@size=\dimen162
LaTeX Font Info:    Redeclaring font encoding OML on input line 742.
LaTeX Font Info:    Redeclaring font encoding OMS on input line 743.
\macc@depth=\count289
LaTeX Info: Redefining \bmod on input line 904.
LaTeX Info: Redefining \pmod on input line 909.
LaTeX Info: Redefining \smash on input line 939.
LaTeX Info: Redefining \relbar on input line 969.
LaTeX Info: Redefining \Relbar on input line 970.
\c@MaxMatrixCols=\count290
\dotsspace@=\muskip17
\c@parentequation=\count291
\dspbrk@lvl=\count292
\tag@help=\toks24
\row@=\count293
\column@=\count294
\maxfields@=\count295
\andhelp@=\toks25
\eqnshift@=\dimen163
\alignsep@=\dimen164
\tagshift@=\dimen165
\tagwidth@=\dimen166
\totwidth@=\dimen167
\lineht@=\dimen168
\@envbody=\toks26
\multlinegap=\skip57
\multlinetaggap=\skip58
\mathdisplay@stack=\toks27
LaTeX Info: Redefining \[ on input line 2953.
LaTeX Info: Redefining \] on input line 2954.
)
\g_MT_multlinerow_int=\count296
\l_MT_multwidth_dim=\dimen169
\origjot=\skip59
\l_MT_shortvdotswithinadjustabove_dim=\dimen170
\l_MT_shortvdotswithinadjustbelow_dim=\dimen171
\l_MT_above_intertext_sep=\dimen172
\l_MT_below_intertext_sep=\dimen173
\l_MT_above_shortintertext_sep=\dimen174
\l_MT_below_shortintertext_sep=\dimen175
\xmathstrut@box=\box56
\xmathstrut@dim=\dimen176
) (C:\Users\emicr\AppData\Local\Programs\MiKTeX\tex/latex/booktabs\booktabs.sty
Package: booktabs 2020/01/12 v1.61803398 Publication quality tables
\heavyrulewidth=\dimen177
\lightrulewidth=\dimen178
\cmidrulewidth=\dimen179
\belowrulesep=\dimen180
\belowbottomsep=\dimen181
\aboverulesep=\dimen182
\abovetopsep=\dimen183
\cmidrulesep=\dimen184
\cmidrulekern=\dimen185
\defaultaddspace=\dimen186
\@cmidla=\count297
\@cmidlb=\count298
\@aboverulesep=\dimen187
\@belowrulesep=\dimen188
\@thisruleclass=\count299
\@lastruleclass=\count300
\@thisrulewidth=\dimen189
) (C:\Users\emicr\AppData\Local\Programs\MiKTeX\tex/latex/amsfonts\amssymb.sty
Package: amssymb 2013/01/14 v3.01 AMS font symbols
 (C:\Users\emicr\AppData\Local\Programs\MiKTeX\tex/latex/amsfonts\amsfonts.sty
Package: amsfonts 2013/01/14 v3.01 Basic AMSFonts support
\symAMSa=\mathgroup4
\symAMSb=\mathgroup5
LaTeX Font Info:    Redeclaring math symbol \hbar on input line 98.
LaTeX Font Info:    Overwriting math alphabet `\mathfrak' in version `bold'
(Font)                  U/euf/m/n --> U/euf/b/n on input line 106.
)) (C:\Users\emicr\AppData\Local\Programs\MiKTeX\tex/latex/base\latexsym.sty
Package: latexsym 1998/08/17 v2.2e Standard LaTeX package (lasy symbols)
\symlasy=\mathgroup6
LaTeX Font Info:    Overwriting symbol font `lasy' in version `bold'
(Font)                  U/lasy/m/n --> U/lasy/b/n on input line 52.
) (C:\Users\emicr\AppData\Local\Programs\MiKTeX\tex/latex/ncctools\nccmath.sty
Package: nccmath 2006/01/20 v1.3 Additional Math Commands (NCC)
\NCC@fracrulewidth=\dimen190
) (C:\Users\emicr\AppData\Local\Programs\MiKTeX\tex/latex/tools\multicol.sty
Package: multicol 2024/09/14 v1.9i multicolumn formatting (FMi)
\c@tracingmulticols=\count301
\mult@box=\box57
\multicol@leftmargin=\dimen191
\c@unbalance=\count302
\c@collectmore=\count303
\doublecol@number=\count304
\multicoltolerance=\count305
\multicolpretolerance=\count306
\full@width=\dimen192
\page@free=\dimen193
\premulticols=\dimen194
\postmulticols=\dimen195
\multicolsep=\skip60
\multicolbaselineskip=\skip61
\partial@page=\box58
\last@line=\box59
\mc@boxedresult=\box60
\maxbalancingoverflow=\dimen196
\mult@rightbox=\box61
\mult@grightbox=\box62
\mult@firstbox=\box63
\mult@gfirstbox=\box64
\@tempa=\box65
\@tempa=\box66
\@tempa=\box67
\@tempa=\box68
\@tempa=\box69
\@tempa=\box70
\@tempa=\box71
\@tempa=\box72
\@tempa=\box73
\@tempa=\box74
\@tempa=\box75
\@tempa=\box76
\@tempa=\box77
\@tempa=\box78
\@tempa=\box79
\@tempa=\box80
\@tempa=\box81
\@tempa=\box82
\@tempa=\box83
\@tempa=\box84
\@tempa=\box85
\@tempa=\box86
\@tempa=\box87
\@tempa=\box88
\@tempa=\box89
\@tempa=\box90
\@tempa=\box91
\@tempa=\box92
\@tempa=\box93
\@tempa=\box94
\@tempa=\box95
\@tempa=\box96
\@tempa=\box97
\@tempa=\box98
\@tempa=\box99
\@tempa=\box100
\c@minrows=\count307
\c@columnbadness=\count308
\c@finalcolumnbadness=\count309
\last@try=\dimen197
\multicolovershoot=\dimen198
\multicolundershoot=\dimen199
\mult@nat@firstbox=\box101
\colbreak@box=\box102
\mc@col@check@num=\count310
) (C:\Users\emicr\AppData\Local\Programs\MiKTeX\tex/latex/listings\listings.sty
\lst@mode=\count311
\lst@gtempboxa=\box103
\lst@token=\toks28
\lst@length=\count312
\lst@currlwidth=\dimen256
\lst@column=\count313
\lst@pos=\count314
\lst@lostspace=\dimen257
\lst@width=\dimen258
\lst@newlines=\count315
\lst@lineno=\count316
\lst@maxwidth=\dimen259
 (C:\Users\emicr\AppData\Local\Programs\MiKTeX\tex/latex/listings\lstpatch.sty
File: lstpatch.sty 2024/09/23 1.10c (Carsten Heinz)
) (C:\Users\emicr\AppData\Local\Programs\MiKTeX\tex/latex/listings\lstmisc.sty
File: lstmisc.sty 2024/09/23 1.10c (Carsten Heinz)
\c@lstnumber=\count317
\lst@skipnumbers=\count318
\lst@framebox=\box104
) (C:\Users\emicr\AppData\Local\Programs\MiKTeX\tex/latex/listings\listings.cfg
File: listings.cfg 2024/09/23 1.10c listings configuration
))
Package: listings 2024/09/23 1.10c (Carsten Heinz)
 (C:\Users\emicr\AppData\Local\Programs\MiKTeX\tex/latex/tasks\tasks.sty (C:\Users\emicr\AppData\Local\Programs\MiKTeX\tex/latex/l3packages/xparse\xparse.sty
Package: xparse 2024-08-16 L3 Experimental document command parser
) (C:\Users\emicr\AppData\Local\Programs\MiKTeX\tex/latex/l3packages/xtemplate\xtemplate.sty
Package: xtemplate 2024-08-16 L3 Experimental prototype document functions
)
Package: tasks 2022/01/08 v1.4a lists with columns filled horizontally
\g__tasks_total_items_int=\count319
\l__tasks_columns_int=\count320
\g__tasks_rows_int=\count321
\g__tasks_current_col_num_int=\count322
\g__tasks_current_row_num_int=\count323
\l__tasks_item_columns_int=\count324
\g__tasks_env_int=\count325
\l__tasks_start_int=\count326
\l__tasks_item_indent_dim=\dimen260
\l__tasks_item_default_indent_dim=\dimen261
\l__tasks_item_width_dim=\dimen262
\l__tasks_label_width_dim=\dimen263
\l__tasks_label_default_width_dim=\dimen264
\l__tasks_label_offset_dim=\dimen265
\l__tasks_label_default_offset_dim=\dimen266
\l__tasks_column_sep_dim=\dimen267
\l__tasks_correction_dim=\dimen268
\l__tasks_full_width_dim=\dimen269
\l__tasks_after_item_skip=\skip62
\l__tasks_custom_after_item_skip=\skip63
\l__tasks_before_list_skip=\skip64
\l__tasks_after_list_skip=\skip65
\l__tasks_item_coffin=\box105
\l__tasks_label_coffin=\box106
\c@task=\count327
\l__tasks_tmpa_int=\count328
\l__tasks_tmpb_int=\count329
\l__tasks_tmpa_coffin=\box107
\l__tasks_tmpa_box=\box108

LaTeX template Info: Declaring template type 'tasks' taking 3 argument(s) on
(template)           line 450.

 (C:\Users\emicr\AppData\Local\Programs\MiKTeX\tex/latex/tasks\tasks.cfg)) (C:\Users\emicr\AppData\Local\Programs\MiKTeX\tex/latex/float\float.sty
Package: float 2001/11/08 v1.3d Float enhancements (AL)
\c@float@type=\count330
\float@exts=\toks29
\float@box=\box109
\@float@everytoks=\toks30
\@floatcapt=\box110
) (C:\Users\emicr\AppData\Local\Programs\MiKTeX\tex/latex/enumitem\enumitem.sty
Package: enumitem 2019/06/20 v3.9 Customized lists
\labelindent=\skip66
\enit@outerparindent=\dimen270
\enit@toks=\toks31
\enit@inbox=\box111
\enit@count@id=\count331
\enitdp@description=\count332
) (C:\Users\emicr\AppData\Local\Programs\MiKTeX\tex/latex/tools\longtable.sty
Package: longtable 2024-10-27 v4.22 Multi-page Table package (DPC)
\LTleft=\skip67
\LTright=\skip68
\LTpre=\skip69
\LTpost=\skip70
\LTchunksize=\count333
\LTcapwidth=\dimen271
\LT@head=\box112
\LT@firsthead=\box113
\LT@foot=\box114
\LT@lastfoot=\box115
\LT@gbox=\box116
\LT@cols=\count334
\LT@rows=\count335
\c@LT@tables=\count336
\c@LT@chunks=\count337
\LT@p@ftn=\toks32
) (C:\Users\emicr\AppData\Local\Programs\MiKTeX\tex/latex/makecell\makecell.sty
Package: makecell 2009/08/03 V0.1e Managing of Tab Column Heads and Cells
 (C:\Users\emicr\AppData\Local\Programs\MiKTeX\tex/latex/tools\array.sty
Package: array 2024/10/17 v2.6g Tabular extension package (FMi)
\col@sep=\dimen272
\ar@mcellbox=\box117
\extrarowheight=\dimen273
\NC@list=\toks33
\extratabsurround=\skip71
\backup@length=\skip72
\ar@cellbox=\box118
)
\rotheadsize=\dimen274
\c@nlinenum=\count338
\TeXr@lab=\toks34
) (C:\Users\emicr\AppData\Local\Programs\MiKTeX\tex/latex/caption\caption.sty
Package: caption 2023/08/05 v3.6o Customizing captions (AR)
 (C:\Users\emicr\AppData\Local\Programs\MiKTeX\tex/latex/caption\caption3.sty
Package: caption3 2023/07/31 v2.4d caption3 kernel (AR)
\caption@tempdima=\dimen275
\captionmargin=\dimen276
\caption@leftmargin=\dimen277
\caption@rightmargin=\dimen278
\caption@width=\dimen279
\caption@indent=\dimen280
\caption@parindent=\dimen281
\caption@hangindent=\dimen282
Package caption Info: Standard document class detected.
)
\c@caption@flags=\count339
\c@continuedfloat=\count340
Package caption Info: float package is loaded.
Package caption Info: listings package is loaded.
Package caption Info: longtable package is loaded.
 (C:\Users\emicr\AppData\Local\Programs\MiKTeX\tex/latex/caption\ltcaption.sty
Package: ltcaption 2021/01/08 v1.4c longtable captions (AR)
)) (C:\Users\emicr\AppData\Local\Programs\MiKTeX\tex/latex/parskip\parskip.sty
Package: parskip 2021-03-14 v2.0h non-zero parskip adjustments
 (C:\Users\emicr\AppData\Local\Programs\MiKTeX\tex/latex/kvoptions\kvoptions.sty
Package: kvoptions 2022-06-15 v3.15 Key value format for package options (HO)
 (C:\Users\emicr\AppData\Local\Programs\MiKTeX\tex/generic/ltxcmds\ltxcmds.sty
Package: ltxcmds 2023-12-04 v1.26 LaTeX kernel commands for general use (HO)
) (C:\Users\emicr\AppData\Local\Programs\MiKTeX\tex/latex/kvsetkeys\kvsetkeys.sty
Package: kvsetkeys 2022-10-05 v1.19 Key value parser (HO)
)) (C:\Users\emicr\AppData\Local\Programs\MiKTeX\tex/latex/etoolbox\etoolbox.sty
Package: etoolbox 2020/10/05 v2.5k e-TeX tools for LaTeX (JAW)
\etb@tempcnta=\count341
)) (C:\Users\emicr\AppData\Local\Programs\MiKTeX\tex/latex/hyperref\hyperref.sty
Package: hyperref 2024-11-05 v7.01l Hypertext links for LaTeX
 (C:\Users\emicr\AppData\Local\Programs\MiKTeX\tex/generic/kvdefinekeys\kvdefinekeys.sty
Package: kvdefinekeys 2019-12-19 v1.6 Define keys (HO)
) (C:\Users\emicr\AppData\Local\Programs\MiKTeX\tex/generic/pdfescape\pdfescape.sty
Package: pdfescape 2019/12/09 v1.15 Implements pdfTeX's escape features (HO)
 (C:\Users\emicr\AppData\Local\Programs\MiKTeX\tex/generic/pdftexcmds\pdftexcmds.sty
Package: pdftexcmds 2020-06-27 v0.33 Utility functions of pdfTeX for LuaTeX (HO)
 (C:\Users\emicr\AppData\Local\Programs\MiKTeX\tex/generic/infwarerr\infwarerr.sty
Package: infwarerr 2019/12/03 v1.5 Providing info/warning/error messages (HO)
)
Package pdftexcmds Info: \pdf@primitive is available.
Package pdftexcmds Info: \pdf@ifprimitive is available.
Package pdftexcmds Info: \pdfdraftmode found.
)) (C:\Users\emicr\AppData\Local\Programs\MiKTeX\tex/latex/hycolor\hycolor.sty
Package: hycolor 2020-01-27 v1.10 Color options for hyperref/bookmark (HO)
) (C:\Users\emicr\AppData\Local\Programs\MiKTeX\tex/latex/hyperref\nameref.sty
Package: nameref 2023-11-26 v2.56 Cross-referencing by name of section
 (C:\Users\emicr\AppData\Local\Programs\MiKTeX\tex/latex/refcount\refcount.sty
Package: refcount 2019/12/15 v3.6 Data extraction from label references (HO)
) (C:\Users\emicr\AppData\Local\Programs\MiKTeX\tex/generic/gettitlestring\gettitlestring.sty
Package: gettitlestring 2019/12/15 v1.6 Cleanup title references (HO)
)
\c@section@level=\count342
) (C:\Users\emicr\AppData\Local\Programs\MiKTeX\tex/generic/stringenc\stringenc.sty
Package: stringenc 2019/11/29 v1.12 Convert strings between diff. encodings (HO)
)
\@linkdim=\dimen283
\Hy@linkcounter=\count343
\Hy@pagecounter=\count344
 (C:\Users\emicr\AppData\Local\Programs\MiKTeX\tex/latex/hyperref\pd1enc.def
File: pd1enc.def 2024-11-05 v7.01l Hyperref: PDFDocEncoding definition (HO)
Now handling font encoding PD1 ...
... no UTF-8 mapping file for font encoding PD1
) (C:\Users\emicr\AppData\Local\Programs\MiKTeX\tex/generic/intcalc\intcalc.sty
Package: intcalc 2019/12/15 v1.3 Expandable calculations with integers (HO)
)
\Hy@SavedSpaceFactor=\count345
 (C:\Users\emicr\AppData\Local\Programs\MiKTeX\tex/latex/hyperref\puenc.def
File: puenc.def 2024-11-05 v7.01l Hyperref: PDF Unicode definition (HO)
Now handling font encoding PU ...
... no UTF-8 mapping file for font encoding PU
)
Package hyperref Info: Hyper figures OFF on input line 4157.
Package hyperref Info: Link nesting OFF on input line 4162.
Package hyperref Info: Hyper index ON on input line 4165.
Package hyperref Info: Plain pages OFF on input line 4172.
Package hyperref Info: Backreferencing OFF on input line 4177.
Package hyperref Info: Implicit mode ON; LaTeX internals redefined.
Package hyperref Info: Bookmarks ON on input line 4424.
\c@Hy@tempcnt=\count346
 (C:\Users\emicr\AppData\Local\Programs\MiKTeX\tex/latex/url\url.sty
\Urlmuskip=\muskip18
Package: url 2013/09/16  ver 3.4  Verb mode for urls, etc.
)
LaTeX Info: Redefining \url on input line 4763.
\XeTeXLinkMargin=\dimen284
 (C:\Users\emicr\AppData\Local\Programs\MiKTeX\tex/generic/bitset\bitset.sty
Package: bitset 2019/12/09 v1.3 Handle bit-vector datatype (HO)
 (C:\Users\emicr\AppData\Local\Programs\MiKTeX\tex/generic/bigintcalc\bigintcalc.sty
Package: bigintcalc 2019/12/15 v1.5 Expandable calculations on big integers (HO)
))
\Fld@menulength=\count347
\Field@Width=\dimen285
\Fld@charsize=\dimen286
Package hyperref Info: Hyper figures OFF on input line 6042.
Package hyperref Info: Link nesting OFF on input line 6047.
Package hyperref Info: Hyper index ON on input line 6050.
Package hyperref Info: backreferencing OFF on input line 6057.
Package hyperref Info: Link coloring OFF on input line 6062.
Package hyperref Info: Link coloring with OCG OFF on input line 6067.
Package hyperref Info: PDF/A mode OFF on input line 6072.
 (C:\Users\emicr\AppData\Local\Programs\MiKTeX\tex/latex/base\atbegshi-ltx.sty
Package: atbegshi-ltx 2021/01/10 v1.0c Emulation of the original atbegshi
package with kernel methods
)
\Hy@abspage=\count348
\c@Item=\count349
\c@Hfootnote=\count350
)
Package hyperref Info: Driver (autodetected): hpdftex.
 (C:\Users\emicr\AppData\Local\Programs\MiKTeX\tex/latex/hyperref\hpdftex.def
File: hpdftex.def 2024-11-05 v7.01l Hyperref driver for pdfTeX
 (C:\Users\emicr\AppData\Local\Programs\MiKTeX\tex/latex/base\atveryend-ltx.sty
Package: atveryend-ltx 2020/08/19 v1.0a Emulation of the original atveryend package
with kernel methods
)
\Fld@listcount=\count351
\c@bookmark@seq@number=\count352
 (C:\Users\emicr\AppData\Local\Programs\MiKTeX\tex/latex/rerunfilecheck\rerunfilecheck.sty
Package: rerunfilecheck 2022-07-10 v1.10 Rerun checks for auxiliary files (HO)
 (C:\Users\emicr\AppData\Local\Programs\MiKTeX\tex/generic/uniquecounter\uniquecounter.sty
Package: uniquecounter 2019/12/15 v1.4 Provide unlimited unique counter (HO)
)
Package uniquecounter Info: New unique counter `rerunfilecheck' on input line 285.
)
\Hy@SectionHShift=\skip73
) (C:\Users\emicr\AppData\Local\Programs\MiKTeX\tex/latex/fancyhdr\fancyhdr.sty
Package: fancyhdr 2025/01/07 v5.1.1 Extensive control of page headers and footers
\f@nch@headwidth=\skip74
\f@nch@offset@elh=\skip75
\f@nch@offset@erh=\skip76
\f@nch@offset@olh=\skip77
\f@nch@offset@orh=\skip78
\f@nch@offset@elf=\skip79
\f@nch@offset@erf=\skip80
\f@nch@offset@olf=\skip81
\f@nch@offset@orf=\skip82
\f@nch@height=\skip83
\f@nch@footalignment=\skip84
\f@nch@widthL=\skip85
\f@nch@widthC=\skip86
\f@nch@widthR=\skip87
\@temptokenb=\toks35
) (C:\Users\emicr\AppData\Local\Programs\MiKTeX\tex/latex/chappg\chappg.sty
Package: chappg 2006/05/09 v2.1b page numbering by chapter number pages by chapter (or other unit)
) (C:\Users\emicr\AppData\Local\Programs\MiKTeX\tex/latex/adjustbox\adjustbox.sty
Package: adjustbox 2022/10/17 v1.3a Adjusting TeX boxes (trim, clip, ...)
 (C:\Users\emicr\AppData\Local\Programs\MiKTeX\tex/latex/xkeyval\xkeyval.sty
Package: xkeyval 2022/06/16 v2.9 package option processing (HA)
 (C:\Users\emicr\AppData\Local\Programs\MiKTeX\tex/generic/xkeyval\xkeyval.tex (C:\Users\emicr\AppData\Local\Programs\MiKTeX\tex/generic/xkeyval\xkvutils.tex
\XKV@toks=\toks36
\XKV@tempa@toks=\toks37
)
\XKV@depth=\count353
File: xkeyval.tex 2014/12/03 v2.7a key=value parser (HA)
)) (C:\Users\emicr\AppData\Local\Programs\MiKTeX\tex/latex/adjustbox\adjcalc.sty
Package: adjcalc 2012/05/16 v1.1 Provides advanced setlength with multiple back-ends (calc, etex, pgfmath)
) (C:\Users\emicr\AppData\Local\Programs\MiKTeX\tex/latex/adjustbox\trimclip.sty
Package: trimclip 2020/08/19 v1.2 Trim and clip general TeX material
 (C:\Users\emicr\AppData\Local\Programs\MiKTeX\tex/latex/collectbox\collectbox.sty
Package: collectbox 2022/10/17 v0.4c Collect macro arguments as boxes
\collectedbox=\box119
)
\tc@llx=\dimen287
\tc@lly=\dimen288
\tc@urx=\dimen289
\tc@ury=\dimen290
Package trimclip Info: Using driver 'tc-pdftex.def'.
 (C:\Users\emicr\AppData\Local\Programs\MiKTeX\tex/latex/adjustbox\tc-pdftex.def
File: tc-pdftex.def 2019/01/04 v2.2 Clipping driver for pdftex
))
\adjbox@Width=\dimen291
\adjbox@Height=\dimen292
\adjbox@Depth=\dimen293
\adjbox@Totalheight=\dimen294
\adjbox@pwidth=\dimen295
\adjbox@pheight=\dimen296
\adjbox@pdepth=\dimen297
\adjbox@ptotalheight=\dimen298
 (C:\Users\emicr\AppData\Local\Programs\MiKTeX\tex/latex/ifoddpage\ifoddpage.sty
Package: ifoddpage 2022/10/18 v1.2 Conditionals for odd/even page detection
\c@checkoddpage=\count354
) (C:\Users\emicr\AppData\Local\Programs\MiKTeX\tex/latex/varwidth\varwidth.sty
Package: varwidth 2009/03/30 ver 0.92;  Variable-width minipages
\@vwid@box=\box120
\sift@deathcycles=\count355
\@vwid@loff=\dimen299
\@vwid@roff=\dimen300
)) (C:\Users\emicr\AppData\Local\Programs\MiKTeX\tex/latex/tocloft\tocloft.sty
Package: tocloft 2017/08/31 v2.3i parameterised ToC, etc., typesetting
Package tocloft Info: The document has chapter divisions on input line 51.
\cftparskip=\skip88
\cftbeforetoctitleskip=\skip89
\cftaftertoctitleskip=\skip90
\cftbeforepartskip=\skip91
\cftpartnumwidth=\skip92
\cftpartindent=\skip93
\cftbeforechapskip=\skip94
\cftchapindent=\skip95
\cftchapnumwidth=\skip96
\cftbeforesecskip=\skip97
\cftsecindent=\skip98
\cftsecnumwidth=\skip99
\cftbeforesubsecskip=\skip100
\cftsubsecindent=\skip101
\cftsubsecnumwidth=\skip102
\cftbeforesubsubsecskip=\skip103
\cftsubsubsecindent=\skip104
\cftsubsubsecnumwidth=\skip105
\cftbeforeparaskip=\skip106
\cftparaindent=\skip107
\cftparanumwidth=\skip108
\cftbeforesubparaskip=\skip109
\cftsubparaindent=\skip110
\cftsubparanumwidth=\skip111
\cftbeforeloftitleskip=\skip112
\cftafterloftitleskip=\skip113
\cftbeforefigskip=\skip114
\cftfigindent=\skip115
\cftfignumwidth=\skip116
\c@lofdepth=\count356
\c@lotdepth=\count357
\cftbeforelottitleskip=\skip117
\cftafterlottitleskip=\skip118
\cftbeforetabskip=\skip119
\cfttabindent=\skip120
\cfttabnumwidth=\skip121


Package tocloft Warning: \@starttoc has already been redefined; tocloft bailing out. on input line 1156.

) (C:\Users\emicr\AppData\Local\Programs\MiKTeX\tex/generic/soul\soul.sty
Package: soul 2023-06-14 v3.1 Permit use of UTF-8 characters in soul (HO)
 (C:\Users\emicr\AppData\Local\Programs\MiKTeX\tex/generic/soul\soul-ori.sty
Package: soul-ori 2023-06-14 v3.1 letterspacing/underlining (mf)
\SOUL@word=\toks38
\SOUL@lasttoken=\toks39
\SOUL@syllable=\toks40
\SOUL@cmds=\toks41
\SOUL@buffer=\toks42
\SOUL@token=\toks43
\SOUL@syllgoal=\dimen301
\SOUL@syllwidth=\dimen302
\SOUL@charkern=\dimen303
\SOUL@hyphkern=\dimen304
\SOUL@dimen=\dimen305
\SOUL@dimeni=\dimen306
\SOUL@minus=\count358
\SOUL@comma=\count359
\SOUL@apo=\count360
\SOUL@grave=\count361
\SOUL@spaceskip=\skip122
\SOUL@ttwidth=\dimen307
\SOUL@uldp=\dimen308
\SOUL@ulht=\dimen309
) (C:\Users\emicr\AppData\Local\Programs\MiKTeX\tex/generic/etexcmds\etexcmds.sty
Package: etexcmds 2019/12/15 v1.7 Avoid name clashes with e-TeX commands (HO)
)) (C:\Users\emicr\AppData\Local\Programs\MiKTeX\tex/latex/pgf/frontendlayer\tikz.sty (C:\Users\emicr\AppData\Local\Programs\MiKTeX\tex/latex/pgf/basiclayer\pgf.sty (C:\Users\emicr\AppData\Local\Programs\MiKTeX\tex/latex/pgf/utilities\pgfrcs.sty (C:\Users\emicr\AppData\Local\Programs\MiKTeX\tex/generic/pgf/utilities\pgfutil-common.tex
\pgfutil@everybye=\toks44
\pgfutil@tempdima=\dimen310
\pgfutil@tempdimb=\dimen311
) (C:\Users\emicr\AppData\Local\Programs\MiKTeX\tex/generic/pgf/utilities\pgfutil-latex.def
\pgfutil@abb=\box121
) (C:\Users\emicr\AppData\Local\Programs\MiKTeX\tex/generic/pgf/utilities\pgfrcs.code.tex (C:\Users\emicr\AppData\Local\Programs\MiKTeX\tex/generic/pgf\pgf.revision.tex)
Package: pgfrcs 2023-01-15 v3.1.10 (3.1.10)
))
Package: pgf 2023-01-15 v3.1.10 (3.1.10)
 (C:\Users\emicr\AppData\Local\Programs\MiKTeX\tex/latex/pgf/basiclayer\pgfcore.sty (C:\Users\emicr\AppData\Local\Programs\MiKTeX\tex/latex/pgf/systemlayer\pgfsys.sty (C:\Users\emicr\AppData\Local\Programs\MiKTeX\tex/generic/pgf/systemlayer\pgfsys.code.tex
Package: pgfsys 2023-01-15 v3.1.10 (3.1.10)
 (C:\Users\emicr\AppData\Local\Programs\MiKTeX\tex/generic/pgf/utilities\pgfkeys.code.tex
\pgfkeys@pathtoks=\toks45
\pgfkeys@temptoks=\toks46
 (C:\Users\emicr\AppData\Local\Programs\MiKTeX\tex/generic/pgf/utilities\pgfkeyslibraryfiltered.code.tex
\pgfkeys@tmptoks=\toks47
))
\pgf@x=\dimen312
\pgf@y=\dimen313
\pgf@xa=\dimen314
\pgf@ya=\dimen315
\pgf@xb=\dimen316
\pgf@yb=\dimen317
\pgf@xc=\dimen318
\pgf@yc=\dimen319
\pgf@xd=\dimen320
\pgf@yd=\dimen321
\w@pgf@writea=\write3
\r@pgf@reada=\read3
\c@pgf@counta=\count362
\c@pgf@countb=\count363
\c@pgf@countc=\count364
\c@pgf@countd=\count365
\t@pgf@toka=\toks48
\t@pgf@tokb=\toks49
\t@pgf@tokc=\toks50
\pgf@sys@id@count=\count366
 (C:\Users\emicr\AppData\Local\Programs\MiKTeX\tex/generic/pgf/systemlayer\pgf.cfg
File: pgf.cfg 2023-01-15 v3.1.10 (3.1.10)
)
Driver file for pgf: pgfsys-pdftex.def
 (C:\Users\emicr\AppData\Local\Programs\MiKTeX\tex/generic/pgf/systemlayer\pgfsys-pdftex.def
File: pgfsys-pdftex.def 2023-01-15 v3.1.10 (3.1.10)
 (C:\Users\emicr\AppData\Local\Programs\MiKTeX\tex/generic/pgf/systemlayer\pgfsys-common-pdf.def
File: pgfsys-common-pdf.def 2023-01-15 v3.1.10 (3.1.10)
))) (C:\Users\emicr\AppData\Local\Programs\MiKTeX\tex/generic/pgf/systemlayer\pgfsyssoftpath.code.tex
File: pgfsyssoftpath.code.tex 2023-01-15 v3.1.10 (3.1.10)
\pgfsyssoftpath@smallbuffer@items=\count367
\pgfsyssoftpath@bigbuffer@items=\count368
) (C:\Users\emicr\AppData\Local\Programs\MiKTeX\tex/generic/pgf/systemlayer\pgfsysprotocol.code.tex
File: pgfsysprotocol.code.tex 2023-01-15 v3.1.10 (3.1.10)
)) (C:\Users\emicr\AppData\Local\Programs\MiKTeX\tex/generic/pgf/basiclayer\pgfcore.code.tex
Package: pgfcore 2023-01-15 v3.1.10 (3.1.10)
 (C:\Users\emicr\AppData\Local\Programs\MiKTeX\tex/generic/pgf/math\pgfmath.code.tex (C:\Users\emicr\AppData\Local\Programs\MiKTeX\tex/generic/pgf/math\pgfmathutil.code.tex) (C:\Users\emicr\AppData\Local\Programs\MiKTeX\tex/generic/pgf/math\pgfmathparser.code.tex
\pgfmath@dimen=\dimen322
\pgfmath@count=\count369
\pgfmath@box=\box122
\pgfmath@toks=\toks51
\pgfmath@stack@operand=\toks52
\pgfmath@stack@operation=\toks53
) (C:\Users\emicr\AppData\Local\Programs\MiKTeX\tex/generic/pgf/math\pgfmathfunctions.code.tex) (C:\Users\emicr\AppData\Local\Programs\MiKTeX\tex/generic/pgf/math\pgfmathfunctions.basic.code.tex) (C:\Users\emicr\AppData\Local\Programs\MiKTeX\tex/generic/pgf/math\pgfmathfunctions.trigonometric.code.tex) (C:\Users\emicr\AppData\Local\Programs\MiKTeX\tex/generic/pgf/math\pgfmathfunctions.random.code.tex) (C:\Users\emicr\AppData\Local\Programs\MiKTeX\tex/generic/pgf/math\pgfmathfunctions.comparison.code.tex) (C:\Users\emicr\AppData\Local\Programs\MiKTeX\tex/generic/pgf/math\pgfmathfunctions.base.code.tex) (C:\Users\emicr\AppData\Local\Programs\MiKTeX\tex/generic/pgf/math\pgfmathfunctions.round.code.tex) (C:\Users\emicr\AppData\Local\Programs\MiKTeX\tex/generic/pgf/math\pgfmathfunctions.misc.code.tex) (C:\Users\emicr\AppData\Local\Programs\MiKTeX\tex/generic/pgf/math\pgfmathfunctions.integerarithmetics.code.tex) (C:\Users\emicr\AppData\Local\Programs\MiKTeX\tex/generic/pgf/math\pgfmathcalc.code.tex) (C:\Users\emicr\AppData\Local\Programs\MiKTeX\tex/generic/pgf/math\pgfmathfloat.code.tex
\c@pgfmathroundto@lastzeros=\count370
)) (C:\Users\emicr\AppData\Local\Programs\MiKTeX\tex/generic/pgf/math\pgfint.code.tex) (C:\Users\emicr\AppData\Local\Programs\MiKTeX\tex/generic/pgf/basiclayer\pgfcorepoints.code.tex
File: pgfcorepoints.code.tex 2023-01-15 v3.1.10 (3.1.10)
\pgf@picminx=\dimen323
\pgf@picmaxx=\dimen324
\pgf@picminy=\dimen325
\pgf@picmaxy=\dimen326
\pgf@pathminx=\dimen327
\pgf@pathmaxx=\dimen328
\pgf@pathminy=\dimen329
\pgf@pathmaxy=\dimen330
\pgf@xx=\dimen331
\pgf@xy=\dimen332
\pgf@yx=\dimen333
\pgf@yy=\dimen334
\pgf@zx=\dimen335
\pgf@zy=\dimen336
) (C:\Users\emicr\AppData\Local\Programs\MiKTeX\tex/generic/pgf/basiclayer\pgfcorepathconstruct.code.tex
File: pgfcorepathconstruct.code.tex 2023-01-15 v3.1.10 (3.1.10)
\pgf@path@lastx=\dimen337
\pgf@path@lasty=\dimen338
) (C:\Users\emicr\AppData\Local\Programs\MiKTeX\tex/generic/pgf/basiclayer\pgfcorepathusage.code.tex
File: pgfcorepathusage.code.tex 2023-01-15 v3.1.10 (3.1.10)
\pgf@shorten@end@additional=\dimen339
\pgf@shorten@start@additional=\dimen340
) (C:\Users\emicr\AppData\Local\Programs\MiKTeX\tex/generic/pgf/basiclayer\pgfcorescopes.code.tex
File: pgfcorescopes.code.tex 2023-01-15 v3.1.10 (3.1.10)
\pgfpic=\box123
\pgf@hbox=\box124
\pgf@layerbox@main=\box125
\pgf@picture@serial@count=\count371
) (C:\Users\emicr\AppData\Local\Programs\MiKTeX\tex/generic/pgf/basiclayer\pgfcoregraphicstate.code.tex
File: pgfcoregraphicstate.code.tex 2023-01-15 v3.1.10 (3.1.10)
\pgflinewidth=\dimen341
) (C:\Users\emicr\AppData\Local\Programs\MiKTeX\tex/generic/pgf/basiclayer\pgfcoretransformations.code.tex
File: pgfcoretransformations.code.tex 2023-01-15 v3.1.10 (3.1.10)
\pgf@pt@x=\dimen342
\pgf@pt@y=\dimen343
\pgf@pt@temp=\dimen344
) (C:\Users\emicr\AppData\Local\Programs\MiKTeX\tex/generic/pgf/basiclayer\pgfcorequick.code.tex
File: pgfcorequick.code.tex 2023-01-15 v3.1.10 (3.1.10)
) (C:\Users\emicr\AppData\Local\Programs\MiKTeX\tex/generic/pgf/basiclayer\pgfcoreobjects.code.tex
File: pgfcoreobjects.code.tex 2023-01-15 v3.1.10 (3.1.10)
) (C:\Users\emicr\AppData\Local\Programs\MiKTeX\tex/generic/pgf/basiclayer\pgfcorepathprocessing.code.tex
File: pgfcorepathprocessing.code.tex 2023-01-15 v3.1.10 (3.1.10)
) (C:\Users\emicr\AppData\Local\Programs\MiKTeX\tex/generic/pgf/basiclayer\pgfcorearrows.code.tex
File: pgfcorearrows.code.tex 2023-01-15 v3.1.10 (3.1.10)
\pgfarrowsep=\dimen345
) (C:\Users\emicr\AppData\Local\Programs\MiKTeX\tex/generic/pgf/basiclayer\pgfcoreshade.code.tex
File: pgfcoreshade.code.tex 2023-01-15 v3.1.10 (3.1.10)
\pgf@max=\dimen346
\pgf@sys@shading@range@num=\count372
\pgf@shadingcount=\count373
) (C:\Users\emicr\AppData\Local\Programs\MiKTeX\tex/generic/pgf/basiclayer\pgfcoreimage.code.tex
File: pgfcoreimage.code.tex 2023-01-15 v3.1.10 (3.1.10)
) (C:\Users\emicr\AppData\Local\Programs\MiKTeX\tex/generic/pgf/basiclayer\pgfcoreexternal.code.tex
File: pgfcoreexternal.code.tex 2023-01-15 v3.1.10 (3.1.10)
\pgfexternal@startupbox=\box126
) (C:\Users\emicr\AppData\Local\Programs\MiKTeX\tex/generic/pgf/basiclayer\pgfcorelayers.code.tex
File: pgfcorelayers.code.tex 2023-01-15 v3.1.10 (3.1.10)
) (C:\Users\emicr\AppData\Local\Programs\MiKTeX\tex/generic/pgf/basiclayer\pgfcoretransparency.code.tex
File: pgfcoretransparency.code.tex 2023-01-15 v3.1.10 (3.1.10)
) (C:\Users\emicr\AppData\Local\Programs\MiKTeX\tex/generic/pgf/basiclayer\pgfcorepatterns.code.tex
File: pgfcorepatterns.code.tex 2023-01-15 v3.1.10 (3.1.10)
) (C:\Users\emicr\AppData\Local\Programs\MiKTeX\tex/generic/pgf/basiclayer\pgfcorerdf.code.tex
File: pgfcorerdf.code.tex 2023-01-15 v3.1.10 (3.1.10)
))) (C:\Users\emicr\AppData\Local\Programs\MiKTeX\tex/generic/pgf/modules\pgfmoduleshapes.code.tex
File: pgfmoduleshapes.code.tex 2023-01-15 v3.1.10 (3.1.10)
\pgfnodeparttextbox=\box127
) (C:\Users\emicr\AppData\Local\Programs\MiKTeX\tex/generic/pgf/modules\pgfmoduleplot.code.tex
File: pgfmoduleplot.code.tex 2023-01-15 v3.1.10 (3.1.10)
) (C:\Users\emicr\AppData\Local\Programs\MiKTeX\tex/latex/pgf/compatibility\pgfcomp-version-0-65.sty
Package: pgfcomp-version-0-65 2023-01-15 v3.1.10 (3.1.10)
\pgf@nodesepstart=\dimen347
\pgf@nodesepend=\dimen348
) (C:\Users\emicr\AppData\Local\Programs\MiKTeX\tex/latex/pgf/compatibility\pgfcomp-version-1-18.sty
Package: pgfcomp-version-1-18 2023-01-15 v3.1.10 (3.1.10)
)) (C:\Users\emicr\AppData\Local\Programs\MiKTeX\tex/latex/pgf/utilities\pgffor.sty (C:\Users\emicr\AppData\Local\Programs\MiKTeX\tex/latex/pgf/utilities\pgfkeys.sty (C:\Users\emicr\AppData\Local\Programs\MiKTeX\tex/generic/pgf/utilities\pgfkeys.code.tex)) (C:\Users\emicr\AppData\Local\Programs\MiKTeX\tex/latex/pgf/math\pgfmath.sty (C:\Users\emicr\AppData\Local\Programs\MiKTeX\tex/generic/pgf/math\pgfmath.code.tex)) (C:\Users\emicr\AppData\Local\Programs\MiKTeX\tex/generic/pgf/utilities\pgffor.code.tex
Package: pgffor 2023-01-15 v3.1.10 (3.1.10)
\pgffor@iter=\dimen349
\pgffor@skip=\dimen350
\pgffor@stack=\toks54
\pgffor@toks=\toks55
)) (C:\Users\emicr\AppData\Local\Programs\MiKTeX\tex/generic/pgf/frontendlayer/tikz\tikz.code.tex
Package: tikz 2023-01-15 v3.1.10 (3.1.10)
 (C:\Users\emicr\AppData\Local\Programs\MiKTeX\tex/generic/pgf/libraries\pgflibraryplothandlers.code.tex
File: pgflibraryplothandlers.code.tex 2023-01-15 v3.1.10 (3.1.10)
\pgf@plot@mark@count=\count374
\pgfplotmarksize=\dimen351
)
\tikz@lastx=\dimen352
\tikz@lasty=\dimen353
\tikz@lastxsaved=\dimen354
\tikz@lastysaved=\dimen355
\tikz@lastmovetox=\dimen356
\tikz@lastmovetoy=\dimen357
\tikzleveldistance=\dimen358
\tikzsiblingdistance=\dimen359
\tikz@figbox=\box128
\tikz@figbox@bg=\box129
\tikz@tempbox=\box130
\tikz@tempbox@bg=\box131
\tikztreelevel=\count375
\tikznumberofchildren=\count376
\tikznumberofcurrentchild=\count377
\tikz@fig@count=\count378
 (C:\Users\emicr\AppData\Local\Programs\MiKTeX\tex/generic/pgf/modules\pgfmodulematrix.code.tex
File: pgfmodulematrix.code.tex 2023-01-15 v3.1.10 (3.1.10)
\pgfmatrixcurrentrow=\count379
\pgfmatrixcurrentcolumn=\count380
\pgf@matrix@numberofcolumns=\count381
)
\tikz@expandcount=\count382
 (C:\Users\emicr\AppData\Local\Programs\MiKTeX\tex/generic/pgf/frontendlayer/tikz/libraries\tikzlibrarytopaths.code.tex
File: tikzlibrarytopaths.code.tex 2023-01-15 v3.1.10 (3.1.10)
))) (C:\Users\emicr\AppData\Local\Programs\MiKTeX\tex/generic/pgf/frontendlayer/tikz/libraries\tikzlibraryarrows.code.tex
File: tikzlibraryarrows.code.tex 2023-01-15 v3.1.10 (3.1.10)
 (C:\Users\emicr\AppData\Local\Programs\MiKTeX\tex/generic/pgf/libraries\pgflibraryarrows.code.tex
File: pgflibraryarrows.code.tex 2023-01-15 v3.1.10 (3.1.10)
\arrowsize=\dimen360
)) (C:\Users\emicr\AppData\Local\Programs\MiKTeX\tex/latex/pgfplots\pgfplots.sty (C:\Users\emicr\AppData\Local\Programs\MiKTeX\tex/generic/pgfplots\pgfplots.revision.tex)
Package: pgfplots 2021/05/15 v1.18.1 Data Visualization (1.18.1)
 (C:\Users\emicr\AppData\Local\Programs\MiKTeX\tex/generic/pgfplots\pgfplots.code.tex (C:\Users\emicr\AppData\Local\Programs\MiKTeX\tex/generic/pgfplots\pgfplotscore.code.tex
\t@pgfplots@toka=\toks56
\t@pgfplots@tokb=\toks57
\t@pgfplots@tokc=\toks58
\pgfplots@tmpa=\dimen361
\c@pgfplots@coordindex=\count383
\c@pgfplots@scanlineindex=\count384
 (C:\Users\emicr\AppData\Local\Programs\MiKTeX\tex/generic/pgfplots/sys\pgfplotssysgeneric.code.tex)) (C:\Users\emicr\AppData\Local\Programs\MiKTeX\tex/generic/pgfplots/libs\pgfplotslibrary.code.tex) (C:\Users\emicr\AppData\Local\Programs\MiKTeX\tex/generic/pgfplots/oldpgfcompatib\pgfplotsoldpgfsupp_loader.code.tex (C:\Users\emicr\AppData\Local\Programs\MiKTeX\tex/generic/pgf/libraries\pgflibraryfpu.code.tex)
Package pgfplots: loading complementary utilities for your pgf version...
\t@pgf@toka=\toks59
\t@pgf@tokb=\toks60
\t@pgf@tokc=\toks61
(C:\Users\emicr\AppData\Local\Programs\MiKTeX\tex/generic/pgfplots/oldpgfcompatib\pgfplotsoldpgfsupp_pgfutil-common-lists.tex)) (C:\Users\emicr\AppData\Local\Programs\MiKTeX\tex/generic/pgfplots/util\pgfplotsutil.code.tex (C:\Users\emicr\AppData\Local\Programs\MiKTeX\tex/generic/pgfplots/liststructure\pgfplotsliststructure.code.tex) (C:\Users\emicr\AppData\Local\Programs\MiKTeX\tex/generic/pgfplots/liststructure\pgfplotsliststructureext.code.tex) (C:\Users\emicr\AppData\Local\Programs\MiKTeX\tex/generic/pgfplots/liststructure\pgfplotsarray.code.tex
\c@pgfplotsarray@tmp=\count385
) (C:\Users\emicr\AppData\Local\Programs\MiKTeX\tex/generic/pgfplots/liststructure\pgfplotsmatrix.code.tex) (C:\Users\emicr\AppData\Local\Programs\MiKTeX\tex/generic/pgfplots/numtable\pgfplotstableshared.code.tex
\c@pgfplotstable@counta=\count386
\t@pgfplotstable@a=\toks62
) (C:\Users\emicr\AppData\Local\Programs\MiKTeX\tex/generic/pgfplots/liststructure\pgfplotsdeque.code.tex) (C:\Users\emicr\AppData\Local\Programs\MiKTeX\tex/generic/pgfplots/util\pgfplotsbinary.code.tex (C:\Users\emicr\AppData\Local\Programs\MiKTeX\tex/generic/pgfplots/util\pgfplotsbinary.data.code.tex)) (C:\Users\emicr\AppData\Local\Programs\MiKTeX\tex/generic/pgfplots/util\pgfplotsutil.verb.code.tex) (C:\Users\emicr\AppData\Local\Programs\MiKTeX\tex/generic/pgfplots/libs\pgflibrarypgfplots.surfshading.code.tex
\c@pgfplotslibrarysurf@no=\count387
 (C:\Users\emicr\AppData\Local\Programs\MiKTeX\tex/generic/pgfplots/sys\pgflibrarypgfplots.surfshading.pgfsys-pdftex.def))) (C:\Users\emicr\AppData\Local\Programs\MiKTeX\tex/generic/pgfplots/util\pgfplotscolormap.code.tex (C:\Users\emicr\AppData\Local\Programs\MiKTeX\tex/generic/pgfplots/util\pgfplotscolor.code.tex)) (C:\Users\emicr\AppData\Local\Programs\MiKTeX\tex/generic/pgfplots\pgfplotsstackedplots.code.tex) (C:\Users\emicr\AppData\Local\Programs\MiKTeX\tex/generic/pgfplots\pgfplotsplothandlers.code.tex (C:\Users\emicr\AppData\Local\Programs\MiKTeX\tex/generic/pgfplots\pgfplotsmeshplothandler.code.tex (C:\Users\emicr\AppData\Local\Programs\MiKTeX\tex/generic/pgfplots\pgfplotsmeshplotimage.code.tex))) (C:\Users\emicr\AppData\Local\Programs\MiKTeX\tex/generic/pgfplots\pgfplots.scaling.code.tex) (C:\Users\emicr\AppData\Local\Programs\MiKTeX\tex/generic/pgfplots\pgfplotscoordprocessing.code.tex) (C:\Users\emicr\AppData\Local\Programs\MiKTeX\tex/generic/pgfplots\pgfplots.errorbars.code.tex) (C:\Users\emicr\AppData\Local\Programs\MiKTeX\tex/generic/pgfplots\pgfplots.markers.code.tex) (C:\Users\emicr\AppData\Local\Programs\MiKTeX\tex/generic/pgfplots\pgfplotsticks.code.tex) (C:\Users\emicr\AppData\Local\Programs\MiKTeX\tex/generic/pgfplots\pgfplots.paths.code.tex) (C:\Users\emicr\AppData\Local\Programs\MiKTeX\tex/generic/pgf/frontendlayer/tikz/libraries\tikzlibrarydecorations.code.tex (C:\Users\emicr\AppData\Local\Programs\MiKTeX\tex/generic/pgf/modules\pgfmoduledecorations.code.tex
\pgfdecoratedcompleteddistance=\dimen362
\pgfdecoratedremainingdistance=\dimen363
\pgfdecoratedinputsegmentcompleteddistance=\dimen364
\pgfdecoratedinputsegmentremainingdistance=\dimen365
\pgf@decorate@distancetomove=\dimen366
\pgf@decorate@repeatstate=\count388
\pgfdecorationsegmentamplitude=\dimen367
\pgfdecorationsegmentlength=\dimen368
)
\tikz@lib@dec@box=\box132
) (C:\Users\emicr\AppData\Local\Programs\MiKTeX\tex/generic/pgf/frontendlayer/tikz/libraries\tikzlibrarydecorations.pathmorphing.code.tex (C:\Users\emicr\AppData\Local\Programs\MiKTeX\tex/generic/pgf/libraries/decorations\pgflibrarydecorations.pathmorphing.code.tex)) (C:\Users\emicr\AppData\Local\Programs\MiKTeX\tex/generic/pgf/frontendlayer/tikz/libraries\tikzlibrarydecorations.pathreplacing.code.tex (C:\Users\emicr\AppData\Local\Programs\MiKTeX\tex/generic/pgf/libraries/decorations\pgflibrarydecorations.pathreplacing.code.tex)) (C:\Users\emicr\AppData\Local\Programs\MiKTeX\tex/generic/pgfplots/libs\tikzlibrarypgfplots.contourlua.code.tex)
\pgfplots@numplots=\count389
\pgfplots@xmin@reg=\dimen369
\pgfplots@xmax@reg=\dimen370
\pgfplots@ymin@reg=\dimen371
\pgfplots@ymax@reg=\dimen372
\pgfplots@zmin@reg=\dimen373
\pgfplots@zmax@reg=\dimen374
) (C:\Users\emicr\AppData\Local\Programs\MiKTeX\tex/generic/pgf/frontendlayer/tikz/libraries\tikzlibraryplotmarks.code.tex
File: tikzlibraryplotmarks.code.tex 2023-01-15 v3.1.10 (3.1.10)
 (C:\Users\emicr\AppData\Local\Programs\MiKTeX\tex/generic/pgf/libraries\pgflibraryplotmarks.code.tex
File: pgflibraryplotmarks.code.tex 2023-01-15 v3.1.10 (3.1.10)
)))
\c@bracketedi=\count390
\enitdp@bracketed=\count391
\c@cpplistings=\count392
\cftbeforecpplistingsskip=\skip123
\cftcpplistingsindent=\skip124
\cftcpplistingsnumwidth=\skip125
\c@lolcppdepth=\count393
\cftbeforelolcpptitleskip=\skip126
\cftafterlolcpptitleskip=\skip127
\c@matlablistings=\count394
\cftbeforematlablistingsskip=\skip128
\cftmatlablistingsindent=\skip129
\cftmatlablistingsnumwidth=\skip130
\c@lolmatlabdepth=\count395
\cftbeforelolmatlabtitleskip=\skip131
\cftafterlolmatlabtitleskip=\skip132
\c@pythonlistings=\count396
\cftbeforepythonlistingsskip=\skip133
\cftpythonlistingsindent=\skip134
\cftpythonlistingsnumwidth=\skip135
\c@lolpythondepth=\count397
\cftbeforelolpythontitleskip=\skip136
\cftafterlolpythontitleskip=\skip137
 (C:\Users\emicr\AppData\Local\Programs\MiKTeX\tex/latex/listings\lstlang1.sty
File: lstlang1.sty 2024/09/23 1.10c listings language file
) (C:\Users\emicr\AppData\Local\Programs\MiKTeX\tex/latex/listings\lstlang1.sty
File: lstlang1.sty 2024/09/23 1.10c listings language file
) (C:\Users\emicr\AppData\Local\Programs\MiKTeX\tex/latex/listings\lstmisc.sty
File: lstmisc.sty 2024/09/23 1.10c (Carsten Heinz)
) (C:\Users\emicr\AppData\Local\Programs\MiKTeX\tex/latex/listings\lstlang1.sty
File: lstlang1.sty 2024/09/23 1.10c listings language file
) (C:\Users\emicr\AppData\Local\Programs\MiKTeX\tex/latex/listings\lstlang1.sty
File: lstlang1.sty 2024/09/23 1.10c listings language file
) (reporte.aux
LaTeX Info: Redefining \. on input line 12.
LaTeX Info: Redefining \% on input line 12.


LaTeX Warning: Label `fig:comparacion_6R_Entropia' multiply defined.

)
\openout1 = `reporte.aux'.

LaTeX Font Info:    Checking defaults for OML/cmm/m/it on input line 232.
LaTeX Font Info:    ... okay on input line 232.
LaTeX Font Info:    Checking defaults for OMS/cmsy/m/n on input line 232.
LaTeX Font Info:    ... okay on input line 232.
LaTeX Font Info:    Checking defaults for OT1/cmr/m/n on input line 232.
LaTeX Font Info:    ... okay on input line 232.
LaTeX Font Info:    Checking defaults for T1/cmr/m/n on input line 232.
LaTeX Font Info:    ... okay on input line 232.
LaTeX Font Info:    Checking defaults for TS1/cmr/m/n on input line 232.
LaTeX Font Info:    ... okay on input line 232.
LaTeX Font Info:    Checking defaults for OMX/cmex/m/n on input line 232.
LaTeX Font Info:    ... okay on input line 232.
LaTeX Font Info:    Checking defaults for U/cmr/m/n on input line 232.
LaTeX Font Info:    ... okay on input line 232.
LaTeX Font Info:    Checking defaults for PD1/pdf/m/n on input line 232.
LaTeX Font Info:    ... okay on input line 232.
LaTeX Font Info:    Checking defaults for PU/pdf/m/n on input line 232.
LaTeX Font Info:    ... okay on input line 232.
LaTeX Info: Redefining \. on input line 232.
LaTeX Info: Redefining \% on input line 232.

*geometry* driver: auto-detecting
*geometry* detected driver: pdftex
*geometry* verbose mode - [ preamble ] result:
* driver: pdftex
* paper: a4paper
* layout: <same size as paper>
* layoutoffset:(h,v)=(0.0pt,0.0pt)
* modes: 
* h-part:(L,W,R)=(72.26999pt, 452.9679pt, 72.26999pt)
* v-part:(T,H,B)=(72.26999pt, 700.50687pt, 72.26999pt)
* \paperwidth=597.50787pt
* \paperheight=845.04684pt
* \textwidth=452.9679pt
* \textheight=700.50687pt
* \oddsidemargin=0.0pt
* \evensidemargin=0.0pt
* \topmargin=-59.0845pt
* \headheight=34.0845pt
* \headsep=25.0pt
* \topskip=10.0pt
* \footskip=30.0pt
* \marginparwidth=65.0pt
* \marginparsep=11.0pt
* \columnsep=10.0pt
* \skip\footins=9.0pt plus 4.0pt minus 2.0pt
* \hoffset=0.0pt
* \voffset=0.0pt
* \mag=1000
* \@twocolumnfalse
* \@twosidefalse
* \@mparswitchfalse
* \@reversemarginfalse
* (1in=72.27pt=25.4mm, 1cm=28.453pt)

(C:\Users\emicr\AppData\Local\Programs\MiKTeX\tex/context/base/mkii\supp-pdf.mkii
[Loading MPS to PDF converter (version 2006.09.02).]
\scratchcounter=\count398
\scratchdimen=\dimen375
\scratchbox=\box133
\nofMPsegments=\count399
\nofMParguments=\count400
\everyMPshowfont=\toks63
\MPscratchCnt=\count401
\MPscratchDim=\dimen376
\MPnumerator=\count402
\makeMPintoPDFobject=\count403
\everyMPtoPDFconversion=\toks64
) (C:\Users\emicr\AppData\Local\Programs\MiKTeX\tex/latex/epstopdf-pkg\epstopdf-base.sty
Package: epstopdf-base 2020-01-24 v2.11 Base part for package epstopdf
Package epstopdf-base Info: Redefining graphics rule for `.eps' on input line 485.
 (C:\Users\emicr\AppData\Local\Programs\MiKTeX\tex/latex/00miktex\epstopdf-sys.cfg
File: epstopdf-sys.cfg 2021/03/18 v2.0 Configuration of epstopdf for MiKTeX
))
\c@lstlisting=\count404
Package caption Info: Begin \AtBeginDocument code.
Package caption Info: hyperref package is loaded.
Package caption Info: End \AtBeginDocument code.

Couldn't patch \ttl@straight@ii
Couldn't patch \ttl@straight@ii
Package hyperref Info: Link coloring OFF on input line 232.
(reporte.out) (reporte.out)
\@outlinefile=\write4
\openout4 = `reporte.out'.


Package pgfplots notification 'compat/show suggested version=true': document has been generated with the most recent feature set (\pgfplotsset{compat=1.18}).

(secciones/portada.tex
LaTeX Font Info:    Trying to load font information for U+msa on input line 6.
 (C:\Users\emicr\AppData\Local\Programs\MiKTeX\tex/latex/amsfonts\umsa.fd
File: umsa.fd 2013/01/14 v3.01 AMS symbols A
)
LaTeX Font Info:    Trying to load font information for U+msb on input line 6.
 (C:\Users\emicr\AppData\Local\Programs\MiKTeX\tex/latex/amsfonts\umsb.fd
File: umsb.fd 2013/01/14 v3.01 AMS symbols B
)
LaTeX Font Info:    Trying to load font information for U+lasy on input line 6.
 (C:\Users\emicr\AppData\Local\Programs\MiKTeX\tex/latex/base\ulasy.fd
File: ulasy.fd 1998/08/17 v2.2e LaTeX symbol font definitions
)
<recursos/logotipo_ipn.png, id=166, 1235.61626pt x 1323.94624pt>
File: recursos/logotipo_ipn.png Graphic file (type png)
<use recursos/logotipo_ipn.png>
Package pdftex.def Info: recursos/logotipo_ipn.png  used on input line 7.
(pdftex.def)             Requested size: 113.24197pt x 121.3318pt.
<recursos/EscudoESCOM.png, id=167, 2459.1875pt x 1577.895pt>
File: recursos/EscudoESCOM.png Graphic file (type png)
<use recursos/EscudoESCOM.png>
Package pdftex.def Info: recursos/EscudoESCOM.png  used on input line 8.
(pdftex.def)             Requested size: 181.18439pt x 116.24234pt.


[1

{C:/Users/emicr/AppData/Local/MiKTeX/fonts/map/pdftex/pdftex.map} <./recursos/logotipo_ipn.png> <./recursos/EscudoESCOM.png>]) (secciones/indices.tex (reporte.toc
LaTeX Info: Redefining \. on input line 1.
LaTeX Info: Redefining \% on input line 1.
)
\tf@toc=\write5
\openout5 = `reporte.toc'.



File: recursos/logotipo_ipn.png Graphic file (type png)
<use recursos/logotipo_ipn.png>
Package pdftex.def Info: recursos/logotipo_ipn.png  used on input line 2.
(pdftex.def)             Requested size: 28.45274pt x 30.48447pt.
File: recursos/EscudoESCOM.png Graphic file (type png)
<use recursos/EscudoESCOM.png>
Package pdftex.def Info: recursos/EscudoESCOM.png  used on input line 2.
(pdftex.def)             Requested size: 42.67912pt x 27.37521pt.

pdfTeX warning (ext4): destination with the same identifier (name{page.1}) has been already used, duplicate ignored
<to be read again> 
                   \relax 
l.2 \newpage
             [1] (reporte.lot
LaTeX Info: Redefining \. on input line 1.
LaTeX Info: Redefining \% on input line 1.
)
\tf@lot=\write6
\openout6 = `reporte.lot'.

 (reporte.lof
LaTeX Info: Redefining \. on input line 1.
LaTeX Info: Redefining \% on input line 1.
)
\tf@lof=\write7
\openout7 = `reporte.lof'.

) (secciones/introduccion.tex

File: recursos/logotipo_ipn.png Graphic file (type png)
<use recursos/logotipo_ipn.png>
Package pdftex.def Info: recursos/logotipo_ipn.png  used on input line 1.
(pdftex.def)             Requested size: 28.45274pt x 30.48447pt.
File: recursos/EscudoESCOM.png Graphic file (type png)
<use recursos/EscudoESCOM.png>
Package pdftex.def Info: recursos/EscudoESCOM.png  used on input line 1.
(pdftex.def)             Requested size: 42.67912pt x 27.37521pt.
[2]
Cap\'{\i }tulo 1.
) (secciones/objetivos.tex

File: recursos/logotipo_ipn.png Graphic file (type png)
<use recursos/logotipo_ipn.png>
Package pdftex.def Info: recursos/logotipo_ipn.png  used on input line 1.
(pdftex.def)             Requested size: 28.45274pt x 30.48447pt.
File: recursos/EscudoESCOM.png Graphic file (type png)
<use recursos/EscudoESCOM.png>
Package pdftex.def Info: recursos/EscudoESCOM.png  used on input line 1.
(pdftex.def)             Requested size: 42.67912pt x 27.37521pt.
[1

]
Cap\'{\i }tulo 2.
) (secciones/MarcoTeorico.tex

File: recursos/logotipo_ipn.png Graphic file (type png)
<use recursos/logotipo_ipn.png>
Package pdftex.def Info: recursos/logotipo_ipn.png  used on input line 1.
(pdftex.def)             Requested size: 28.45274pt x 30.48447pt.
File: recursos/EscudoESCOM.png Graphic file (type png)
<use recursos/EscudoESCOM.png>
Package pdftex.def Info: recursos/EscudoESCOM.png  used on input line 1.
(pdftex.def)             Requested size: 42.67912pt x 27.37521pt.
[1

]
Cap\'{\i }tulo 3.

Underfull \hbox (badness 10000) in paragraph at lines 20--20
[]|\OT1/cmr/m/n/10 Ecualizaci^^Son del
 []


Underfull \hbox (badness 1342) in paragraph at lines 20--20
\OT1/cmr/m/n/10 gris ba-sa-do en la
 []


Underfull \hbox (badness 10000) in paragraph at lines 20--20
[]|\OT1/cmr/m/n/10 Simple, expl^^S^^Pci-ta,
 []


Underfull \hbox (badness 10000) in paragraph at lines 20--20
\OT1/cmr/m/n/10 en im^^Sage-nes de
 []


Underfull \hbox (badness 10000) in paragraph at lines 20--21
[]|\OT1/cmr/m/n/10 Procesamiento de
 []


Underfull \hbox (badness 3118) in paragraph at lines 20--21
\OT1/cmr/m/n/10 im^^Sage-nes m^^Sedi-cas,
 []


Underfull \hbox (badness 1769) in paragraph at lines 22--22
[]|\OT1/cmr/m/n/10 Preserva el bri-llo,
 []


Underfull \hbox (badness 10000) in paragraph at lines 22--22
\OT1/cmr/m/n/10 me-jo-ra el ran-go
 []


Underfull \hbox (badness 1997) in paragraph at lines 22--22
[]|\OT1/cmr/m/n/10 La se-lec-ci^^Son ^^Sopti-
 []


Underfull \hbox (badness 6625) in paragraph at lines 22--23
[]|\OT1/cmr/m/n/10 Amplia apli-ca-ci^^Son
 []


Underfull \hbox (badness 1735) in paragraph at lines 24--24
[]|\OT1/cmr/m/n/10 C^^Salcu-lo del his-to-
 []


Underfull \hbox (badness 3919) in paragraph at lines 26--26
[]|\OT1/cmr/m/n/10 Reduce la am-pli-
 []


Underfull \hbox (badness 1158) in paragraph at lines 26--26
\OT1/cmr/m/n/10 fi-ca-ci^^Son del rui-do,
 []


Underfull \hbox (badness 1540) in paragraph at lines 26--26
\OT1/cmr/m/n/10 pre-vie-ne la sobre-
 []


Underfull \hbox (badness 1845) in paragraph at lines 26--26
\OT1/cmr/m/n/10 saturaci^^Son, me-jo-ra
 []


Underfull \hbox (badness 8019) in paragraph at lines 26--27
[]|\OT1/cmr/m/n/10 Im^^Sage-nes m^^Sedi-cas
 []


Underfull \hbox (badness 1571) in paragraph at lines 26--27
\OT1/cmr/m/n/10 co-mo pel^^S^^Pcu-las de
 []



File: recursos/logotipo_ipn.png Graphic file (type png)
<use recursos/logotipo_ipn.png>
Package pdftex.def Info: recursos/logotipo_ipn.png  used on input line 35.
(pdftex.def)             Requested size: 28.45274pt x 30.48447pt.
File: recursos/EscudoESCOM.png Graphic file (type png)
<use recursos/EscudoESCOM.png>
Package pdftex.def Info: recursos/EscudoESCOM.png  used on input line 35.
(pdftex.def)             Requested size: 42.67912pt x 27.37521pt.
[1

]

File: recursos/logotipo_ipn.png Graphic file (type png)
<use recursos/logotipo_ipn.png>
Package pdftex.def Info: recursos/logotipo_ipn.png  used on input line 48.
(pdftex.def)             Requested size: 28.45274pt x 30.48447pt.
File: recursos/EscudoESCOM.png Graphic file (type png)
<use recursos/EscudoESCOM.png>
Package pdftex.def Info: recursos/EscudoESCOM.png  used on input line 48.
(pdftex.def)             Requested size: 42.67912pt x 27.37521pt.
[2]

File: recursos/logotipo_ipn.png Graphic file (type png)
<use recursos/logotipo_ipn.png>
Package pdftex.def Info: recursos/logotipo_ipn.png  used on input line 76.
(pdftex.def)             Requested size: 28.45274pt x 30.48447pt.
File: recursos/EscudoESCOM.png Graphic file (type png)
<use recursos/EscudoESCOM.png>
Package pdftex.def Info: recursos/EscudoESCOM.png  used on input line 76.
(pdftex.def)             Requested size: 42.67912pt x 27.37521pt.
[3]

File: recursos/logotipo_ipn.png Graphic file (type png)
<use recursos/logotipo_ipn.png>
Package pdftex.def Info: recursos/logotipo_ipn.png  used on input line 121.
(pdftex.def)             Requested size: 28.45274pt x 30.48447pt.
File: recursos/EscudoESCOM.png Graphic file (type png)
<use recursos/EscudoESCOM.png>
Package pdftex.def Info: recursos/EscudoESCOM.png  used on input line 121.
(pdftex.def)             Requested size: 42.67912pt x 27.37521pt.
[4]
Underfull \hbox (badness 1152) in paragraph at lines 128--128
[]|\OT1/cmr/bx/n/10 Funci^^Son Sig-moi-
 []


Underfull \hbox (badness 10000) in paragraph at lines 132--132
[]|\OT1/cmr/m/n/10 Tangente Hi-
 []


Underfull \hbox (badness 1127) in paragraph at lines 132--132
[]|$[]\OT1/cmr/m/n/10 (\OML/cmm/m/it/10 x\OT1/cmr/m/n/10 ) = (\OML/cmm/m/it/10 e[] \OMS/cmsy/m/n/10 ^^@
 []


Underfull \hbox (badness 10000) in paragraph at lines 142--142
[]|\OT1/cmr/bx/n/10 Componente
 []


Overfull \hbox (11.42339pt too wide) in paragraph at lines 140--155
 [][] 
 []

) (secciones/Metodologia.tex

File: recursos/logotipo_ipn.png Graphic file (type png)
<use recursos/logotipo_ipn.png>
Package pdftex.def Info: recursos/logotipo_ipn.png  used on input line 1.
(pdftex.def)             Requested size: 28.45274pt x 30.48447pt.
File: recursos/EscudoESCOM.png Graphic file (type png)
<use recursos/EscudoESCOM.png>
Package pdftex.def Info: recursos/EscudoESCOM.png  used on input line 1.
(pdftex.def)             Requested size: 42.67912pt x 27.37521pt.
[5]
Cap\'{\i }tulo 4.


File: recursos/logotipo_ipn.png Graphic file (type png)
<use recursos/logotipo_ipn.png>
Package pdftex.def Info: recursos/logotipo_ipn.png  used on input line 28.
(pdftex.def)             Requested size: 28.45274pt x 30.48447pt.
File: recursos/EscudoESCOM.png Graphic file (type png)
<use recursos/EscudoESCOM.png>
Package pdftex.def Info: recursos/EscudoESCOM.png  used on input line 28.
(pdftex.def)             Requested size: 42.67912pt x 27.37521pt.
[1

]

File: recursos/logotipo_ipn.png Graphic file (type png)
<use recursos/logotipo_ipn.png>
Package pdftex.def Info: recursos/logotipo_ipn.png  used on input line 66.
(pdftex.def)             Requested size: 28.45274pt x 30.48447pt.
File: recursos/EscudoESCOM.png Graphic file (type png)
<use recursos/EscudoESCOM.png>
Package pdftex.def Info: recursos/EscudoESCOM.png  used on input line 66.
(pdftex.def)             Requested size: 42.67912pt x 27.37521pt.
[2]
Overfull \hbox (155.48235pt too wide) in paragraph at lines 83--84
[]\OT1/cmr/m/n/10 La mu-ta-ci^^Son se apli-ca res-pe-tan-do los l^^S^^Pmi-tes de-fi-ni-dos pa-ra ca-da va-ria-ble me-dian-te la fun-ci^^Son \OT1/cmtt/m/n/10 polynomial[]mutation[]with[]boundaries\OT1/cmr/m/n/10 . 
 []



File: recursos/logotipo_ipn.png Graphic file (type png)
<use recursos/logotipo_ipn.png>
Package pdftex.def Info: recursos/logotipo_ipn.png  used on input line 110.
(pdftex.def)             Requested size: 28.45274pt x 30.48447pt.
File: recursos/EscudoESCOM.png Graphic file (type png)
<use recursos/EscudoESCOM.png>
Package pdftex.def Info: recursos/EscudoESCOM.png  used on input line 110.
(pdftex.def)             Requested size: 42.67912pt x 27.37521pt.
[3]) (secciones/Resultados.tex

File: recursos/logotipo_ipn.png Graphic file (type png)
<use recursos/logotipo_ipn.png>
Package pdftex.def Info: recursos/logotipo_ipn.png  used on input line 1.
(pdftex.def)             Requested size: 28.45274pt x 30.48447pt.
File: recursos/EscudoESCOM.png Graphic file (type png)
<use recursos/EscudoESCOM.png>
Package pdftex.def Info: recursos/EscudoESCOM.png  used on input line 1.
(pdftex.def)             Requested size: 42.67912pt x 27.37521pt.
[4]
Cap\'{\i }tulo 5.


File: recursos/logotipo_ipn.png Graphic file (type png)
<use recursos/logotipo_ipn.png>
Package pdftex.def Info: recursos/logotipo_ipn.png  used on input line 69.
(pdftex.def)             Requested size: 28.45274pt x 30.48447pt.
File: recursos/EscudoESCOM.png Graphic file (type png)
<use recursos/EscudoESCOM.png>
Package pdftex.def Info: recursos/EscudoESCOM.png  used on input line 69.
(pdftex.def)             Requested size: 42.67912pt x 27.37521pt.
[1

]

File: recursos/logotipo_ipn.png Graphic file (type png)
<use recursos/logotipo_ipn.png>
Package pdftex.def Info: recursos/logotipo_ipn.png  used on input line 98.
(pdftex.def)             Requested size: 28.45274pt x 30.48447pt.
File: recursos/EscudoESCOM.png Graphic file (type png)
<use recursos/EscudoESCOM.png>
Package pdftex.def Info: recursos/EscudoESCOM.png  used on input line 98.
(pdftex.def)             Requested size: 42.67912pt x 27.37521pt.
[2]
<../Medical_Image-Contrast_Enhancement_using_Genetic_Algorithms/outputs/Original_Medica5R_Entropy/surface_3d_Original_Medica5R_Entropy.png, id=325, 722.7pt x 361.35pt>
File: ../Medical_Image-Contrast_Enhancement_using_Genetic_Algorithms/outputs/Original_Medica5R_Entropy/surface_3d_Original_Medica5R_Entropy.png Graphic file (type png)
<use ../Medical_Image-Contrast_Enhancement_using_Genetic_Algorithms/outputs/Original_Medica5R_Entropy/surface_3d_Original_Medica5R_Entropy.png>
Package pdftex.def Info: ../Medical_Image-Contrast_Enhancement_using_Genetic_Algorithms/outputs/Original_Medica5R_Entropy/surface_3d_Original_Medica5R_Entropy.png  used on input line 127.
(pdftex.def)             Requested size: 452.9679pt x 226.48279pt.


File: recursos/logotipo_ipn.png Graphic file (type png)
<use recursos/logotipo_ipn.png>
Package pdftex.def Info: recursos/logotipo_ipn.png  used on input line 131.
(pdftex.def)             Requested size: 28.45274pt x 30.48447pt.
File: recursos/EscudoESCOM.png Graphic file (type png)
<use recursos/EscudoESCOM.png>
Package pdftex.def Info: recursos/EscudoESCOM.png  used on input line 131.
(pdftex.def)             Requested size: 42.67912pt x 27.37521pt.
[3]
<../Medical_Image-Contrast_Enhancement_using_Genetic_Algorithms/outputs/Original_Medica5R_Std_Deviation/surface_3d_Original_Medica5R_Std_Deviation.png, id=331, 722.7pt x 361.35pt>
File: ../Medical_Image-Contrast_Enhancement_using_Genetic_Algorithms/outputs/Original_Medica5R_Std_Deviation/surface_3d_Original_Medica5R_Std_Deviation.png Graphic file (type png)
<use ../Medical_Image-Contrast_Enhancement_using_Genetic_Algorithms/outputs/Original_Medica5R_Std_Deviation/surface_3d_Original_Medica5R_Std_Deviation.png>
Package pdftex.def Info: ../Medical_Image-Contrast_Enhancement_using_Genetic_Algorithms/outputs/Original_Medica5R_Std_Deviation/surface_3d_Original_Medica5R_Std_Deviation.png  used on input line 134.
(pdftex.def)             Requested size: 452.9679pt x 226.48279pt.
<../Medical_Image-Contrast_Enhancement_using_Genetic_Algorithms/outputs/Original_Medica6R_Entropy/surface_3d_Original_Medica6R_Entropy.png, id=332, 722.7pt x 361.35pt>
File: ../Medical_Image-Contrast_Enhancement_using_Genetic_Algorithms/outputs/Original_Medica6R_Entropy/surface_3d_Original_Medica6R_Entropy.png Graphic file (type png)
<use ../Medical_Image-Contrast_Enhancement_using_Genetic_Algorithms/outputs/Original_Medica6R_Entropy/surface_3d_Original_Medica6R_Entropy.png>
Package pdftex.def Info: ../Medical_Image-Contrast_Enhancement_using_Genetic_Algorithms/outputs/Original_Medica6R_Entropy/surface_3d_Original_Medica6R_Entropy.png  used on input line 141.
(pdftex.def)             Requested size: 452.9679pt x 226.48279pt.


File: recursos/logotipo_ipn.png Graphic file (type png)
<use recursos/logotipo_ipn.png>
Package pdftex.def Info: recursos/logotipo_ipn.png  used on input line 145.
(pdftex.def)             Requested size: 28.45274pt x 30.48447pt.
File: recursos/EscudoESCOM.png Graphic file (type png)
<use recursos/EscudoESCOM.png>
Package pdftex.def Info: recursos/EscudoESCOM.png  used on input line 145.
(pdftex.def)             Requested size: 42.67912pt x 27.37521pt.
[4 <../Medical_Image-Contrast_Enhancement_using_Genetic_Algorithms/outputs/Original_Medica5R_Entropy/surface_3d_Original_Medica5R_Entropy.png> <../Medical_Image-Contrast_Enhancement_using_Genetic_Algorithms/outputs/Original_Medica5R_Std_Deviation/surface_3d_Original_Medica5R_Std_Deviation.png>]
<../Medical_Image-Contrast_Enhancement_using_Genetic_Algorithms/outputs/Original_Medica6R_Std_Deviation/surface_3d_Original_Medica6R_Std_Deviation.png, id=339, 722.7pt x 361.35pt>
File: ../Medical_Image-Contrast_Enhancement_using_Genetic_Algorithms/outputs/Original_Medica6R_Std_Deviation/surface_3d_Original_Medica6R_Std_Deviation.png Graphic file (type png)
<use ../Medical_Image-Contrast_Enhancement_using_Genetic_Algorithms/outputs/Original_Medica6R_Std_Deviation/surface_3d_Original_Medica6R_Std_Deviation.png>
Package pdftex.def Info: ../Medical_Image-Contrast_Enhancement_using_Genetic_Algorithms/outputs/Original_Medica6R_Std_Deviation/surface_3d_Original_Medica6R_Std_Deviation.png  used on input line 148.
(pdftex.def)             Requested size: 452.9679pt x 226.48279pt.


File: recursos/logotipo_ipn.png Graphic file (type png)
<use recursos/logotipo_ipn.png>
Package pdftex.def Info: recursos/logotipo_ipn.png  used on input line 152.
(pdftex.def)             Requested size: 28.45274pt x 30.48447pt.
File: recursos/EscudoESCOM.png Graphic file (type png)
<use recursos/EscudoESCOM.png>
Package pdftex.def Info: recursos/EscudoESCOM.png  used on input line 152.
(pdftex.def)             Requested size: 42.67912pt x 27.37521pt.
[5 <../Medical_Image-Contrast_Enhancement_using_Genetic_Algorithms/outputs/Original_Medica6R_Entropy/surface_3d_Original_Medica6R_Entropy.png> <../Medical_Image-Contrast_Enhancement_using_Genetic_Algorithms/outputs/Original_Medica6R_Std_Deviation/surface_3d_Original_Medica6R_Std_Deviation.png>]) (secciones/Implementacion.tex

File: recursos/logotipo_ipn.png Graphic file (type png)
<use recursos/logotipo_ipn.png>
Package pdftex.def Info: recursos/logotipo_ipn.png  used on input line 1.
(pdftex.def)             Requested size: 28.45274pt x 30.48447pt.
File: recursos/EscudoESCOM.png Graphic file (type png)
<use recursos/EscudoESCOM.png>
Package pdftex.def Info: recursos/EscudoESCOM.png  used on input line 1.
(pdftex.def)             Requested size: 42.67912pt x 27.37521pt.
[6]
Cap\'{\i }tulo 6.


File: recursos/logotipo_ipn.png Graphic file (type png)
<use recursos/logotipo_ipn.png>
Package pdftex.def Info: recursos/logotipo_ipn.png  used on input line 27.
(pdftex.def)             Requested size: 28.45274pt x 30.48447pt.
File: recursos/EscudoESCOM.png Graphic file (type png)
<use recursos/EscudoESCOM.png>
Package pdftex.def Info: recursos/EscudoESCOM.png  used on input line 27.
(pdftex.def)             Requested size: 42.67912pt x 27.37521pt.
[1

]
Overfull \hbox (6.4319pt too wide) in paragraph at lines 62--63
[]\OT1/cmr/m/n/10 El n^^Sucleo del al-go-rit-mo est^^Sa im-ple-men-ta-do en dos ar-chi-vos: \OT1/cmtt/m/n/10 genetic[]algo[]img.h \OT1/cmr/m/n/10 y \OT1/cmtt/m/n/10 genetic[]algo[]img.cpp\OT1/cmr/m/n/10 .
 []

Package hyperref Info: bookmark level for unknown lstlisting defaults to 0 on input line 68.


File: recursos/logotipo_ipn.png Graphic file (type png)
<use recursos/logotipo_ipn.png>
Package pdftex.def Info: recursos/logotipo_ipn.png  used on input line 72.
(pdftex.def)             Requested size: 28.45274pt x 30.48447pt.
File: recursos/EscudoESCOM.png Graphic file (type png)
<use recursos/EscudoESCOM.png>
Package pdftex.def Info: recursos/EscudoESCOM.png  used on input line 72.
(pdftex.def)             Requested size: 42.67912pt x 27.37521pt.
[2]

File: recursos/logotipo_ipn.png Graphic file (type png)
<use recursos/logotipo_ipn.png>
Package pdftex.def Info: recursos/logotipo_ipn.png  used on input line 122.
(pdftex.def)             Requested size: 28.45274pt x 30.48447pt.
File: recursos/EscudoESCOM.png Graphic file (type png)
<use recursos/EscudoESCOM.png>
Package pdftex.def Info: recursos/EscudoESCOM.png  used on input line 122.
(pdftex.def)             Requested size: 42.67912pt x 27.37521pt.
[3]

File: recursos/logotipo_ipn.png Graphic file (type png)
<use recursos/logotipo_ipn.png>
Package pdftex.def Info: recursos/logotipo_ipn.png  used on input line 171.
(pdftex.def)             Requested size: 28.45274pt x 30.48447pt.
File: recursos/EscudoESCOM.png Graphic file (type png)
<use recursos/EscudoESCOM.png>
Package pdftex.def Info: recursos/EscudoESCOM.png  used on input line 171.
(pdftex.def)             Requested size: 42.67912pt x 27.37521pt.
[4]

File: recursos/logotipo_ipn.png Graphic file (type png)
<use recursos/logotipo_ipn.png>
Package pdftex.def Info: recursos/logotipo_ipn.png  used on input line 224.
(pdftex.def)             Requested size: 28.45274pt x 30.48447pt.
File: recursos/EscudoESCOM.png Graphic file (type png)
<use recursos/EscudoESCOM.png>
Package pdftex.def Info: recursos/EscudoESCOM.png  used on input line 224.
(pdftex.def)             Requested size: 42.67912pt x 27.37521pt.
[5]) (secciones/conclusiones.tex

File: recursos/logotipo_ipn.png Graphic file (type png)
<use recursos/logotipo_ipn.png>
Package pdftex.def Info: recursos/logotipo_ipn.png  used on input line 1.
(pdftex.def)             Requested size: 28.45274pt x 30.48447pt.
File: recursos/EscudoESCOM.png Graphic file (type png)
<use recursos/EscudoESCOM.png>
Package pdftex.def Info: recursos/EscudoESCOM.png  used on input line 1.
(pdftex.def)             Requested size: 42.67912pt x 27.37521pt.
[6]
Cap\'{\i }tulo 7.
) (secciones/anexos.tex

File: recursos/logotipo_ipn.png Graphic file (type png)
<use recursos/logotipo_ipn.png>
Package pdftex.def Info: recursos/logotipo_ipn.png  used on input line 2.
(pdftex.def)             Requested size: 28.45274pt x 30.48447pt.
File: recursos/EscudoESCOM.png Graphic file (type png)
<use recursos/EscudoESCOM.png>
Package pdftex.def Info: recursos/EscudoESCOM.png  used on input line 2.
(pdftex.def)             Requested size: 42.67912pt x 27.37521pt.

pdfTeX warning (ext4): destination with the same identifier (name{page.1}) has been already used, duplicate ignored
<to be read again> 
                   \relax 
l.2 \chapter
            {GitHub} [1

]
Ap\'{e}ndice A.
)

File: recursos/logotipo_ipn.png Graphic file (type png)
<use recursos/logotipo_ipn.png>
Package pdftex.def Info: recursos/logotipo_ipn.png  used on input line 250.
(pdftex.def)             Requested size: 28.45274pt x 30.48447pt.
File: recursos/EscudoESCOM.png Graphic file (type png)
<use recursos/EscudoESCOM.png>
Package pdftex.def Info: recursos/EscudoESCOM.png  used on input line 250.
(pdftex.def)             Requested size: 42.67912pt x 27.37521pt.
[1

] (reporte.aux
LaTeX Info: Redefining \. on input line 12.
LaTeX Info: Redefining \% on input line 12.
)
 ***********
LaTeX2e <2024-11-01> patch level 1
L3 programming layer <2024-12-25>
 ***********


LaTeX Warning: There were multiply-defined labels.

Package rerunfilecheck Info: File `reporte.out' has not changed.
(rerunfilecheck)             Checksum: C084F91A5F1F652E861439068078496B;7632.
 ) 
Here is how much of TeX's memory you used:
 41235 strings out of 473536
 919660 string characters out of 5714956
 1827370 words of memory out of 5000000
 63550 multiletter control sequences out of 15000+600000
 565245 words of font info for 62 fonts, out of 8000000 for 9000
 1141 hyphenation exceptions out of 8191
 84i,16n,120p,1296b,2265s stack positions out of 10000i,1000n,20000p,200000b,200000s
<C:/Users/emicr/AppData/Local/Programs/MiKTeX/fonts/type1/public/amsfonts/cm/cmbx10.pfb><C:/Users/emicr/AppData/Local/Programs/MiKTeX/fonts/type1/public/amsfonts/cm/cmbx12.pfb><C:/Users/emicr/AppData/Local/Programs/MiKTeX/fonts/type1/public/amsfonts/cm/cmbxti10.pfb><C:/Users/emicr/AppData/Local/Programs/MiKTeX/fonts/type1/public/amsfonts/cm/cmex10.pfb><C:/Users/emicr/AppData/Local/Programs/MiKTeX/fonts/type1/public/amsfonts/cm/cmmi10.pfb><C:/Users/emicr/AppData/Local/Programs/MiKTeX/fonts/type1/public/amsfonts/cm/cmmi7.pfb><C:/Users/emicr/AppData/Local/Programs/MiKTeX/fonts/type1/public/amsfonts/cm/cmr10.pfb><C:/Users/emicr/AppData/Local/Programs/MiKTeX/fonts/type1/public/amsfonts/cm/cmr5.pfb><C:/Users/emicr/AppData/Local/Programs/MiKTeX/fonts/type1/public/amsfonts/cm/cmr7.pfb><C:/Users/emicr/AppData/Local/Programs/MiKTeX/fonts/type1/public/amsfonts/cm/cmsy10.pfb><C:/Users/emicr/AppData/Local/Programs/MiKTeX/fonts/type1/public/amsfonts/cm/cmsy7.pfb><C:/Users/emicr/AppData/Local/Programs/MiKTeX/fonts/type1/public/amsfonts/cm/cmti10.pfb><C:/Users/emicr/AppData/Local/Programs/MiKTeX/fonts/type1/public/amsfonts/cm/cmtt10.pfb><C:/Users/emicr/AppData/Local/Programs/MiKTeX/fonts/type1/public/amsfonts/cm/cmtt9.pfb>
Output written on reporte.pdf (28 pages, 2239248 bytes).
PDF statistics:
 598 PDF objects out of 1000 (max. 8388607)
 200 named destinations out of 1000 (max. 500000)
 363 words of extra memory for PDF output out of 10000 (max. 10000000)

